2022-08-14 12:09:02,499 ERROR [restartedMain] o.s.b.SpringApplication [SpringApplication.java:824] Application run failed
org.springframework.beans.factory.BeanDefinitionStoreException: Failed to parse configuration class [com.nowcoder.community.CommunityApplication]; nested exception is java.io.FileNotFoundException: class path resource [com/nowcoder/community/util/CommunityConstant.class] cannot be opened because it does not exist
	at org.springframework.context.annotation.ConfigurationClassParser.parse(ConfigurationClassParser.java:189)
	at org.springframework.context.annotation.ConfigurationClassPostProcessor.processConfigBeanDefinitions(ConfigurationClassPostProcessor.java:331)
	at org.springframework.context.annotation.ConfigurationClassPostProcessor.postProcessBeanDefinitionRegistry(ConfigurationClassPostProcessor.java:247)
	at org.springframework.context.support.PostProcessorRegistrationDelegate.invokeBeanDefinitionRegistryPostProcessors(PostProcessorRegistrationDelegate.java:311)
	at org.springframework.context.support.PostProcessorRegistrationDelegate.invokeBeanFactoryPostProcessors(PostProcessorRegistrationDelegate.java:112)
	at org.springframework.context.support.AbstractApplicationContext.invokeBeanFactoryPostProcessors(AbstractApplicationContext.java:746)
	at org.springframework.context.support.AbstractApplicationContext.refresh(AbstractApplicationContext.java:564)
	at org.springframework.boot.web.servlet.context.ServletWebServerApplicationContext.refresh(ServletWebServerApplicationContext.java:147)
	at org.springframework.boot.SpringApplication.refresh(SpringApplication.java:734)
	at org.springframework.boot.SpringApplication.refreshContext(SpringApplication.java:408)
	at org.springframework.boot.SpringApplication.run(SpringApplication.java:308)
	at org.springframework.boot.SpringApplication.run(SpringApplication.java:1306)
	at org.springframework.boot.SpringApplication.run(SpringApplication.java:1295)
	at com.nowcoder.community.CommunityApplication.main(CommunityApplication.java:10)
	at java.base/jdk.internal.reflect.NativeMethodAccessorImpl.invoke0(Native Method)
	at java.base/jdk.internal.reflect.NativeMethodAccessorImpl.invoke(NativeMethodAccessorImpl.java:77)
	at java.base/jdk.internal.reflect.DelegatingMethodAccessorImpl.invoke(DelegatingMethodAccessorImpl.java:43)
	at java.base/java.lang.reflect.Method.invoke(Method.java:568)
	at org.springframework.boot.devtools.restart.RestartLauncher.run(RestartLauncher.java:49)
Caused by: java.io.FileNotFoundException: class path resource [com/nowcoder/community/util/CommunityConstant.class] cannot be opened because it does not exist
	at org.springframework.core.io.ClassPathResource.getInputStream(ClassPathResource.java:199)
	at org.springframework.core.type.classreading.SimpleMetadataReader.getClassReader(SimpleMetadataReader.java:55)
	at org.springframework.core.type.classreading.SimpleMetadataReader.<init>(SimpleMetadataReader.java:49)
	at org.springframework.core.type.classreading.SimpleMetadataReaderFactory.getMetadataReader(SimpleMetadataReaderFactory.java:103)
	at org.springframework.boot.type.classreading.ConcurrentReferenceCachingMetadataReaderFactory.createMetadataReader(ConcurrentReferenceCachingMetadataReaderFactory.java:86)
	at org.springframework.boot.type.classreading.ConcurrentReferenceCachingMetadataReaderFactory.getMetadataReader(ConcurrentReferenceCachingMetadataReaderFactory.java:73)
	at org.springframework.core.type.classreading.SimpleMetadataReaderFactory.getMetadataReader(SimpleMetadataReaderFactory.java:81)
	at org.springframework.context.annotation.ConfigurationClassParser.asSourceClass(ConfigurationClassParser.java:696)
	at org.springframework.context.annotation.ConfigurationClassParser$SourceClass.getInterfaces(ConfigurationClassParser.java:1024)
	at org.springframework.context.annotation.ConfigurationClassParser.processInterfaces(ConfigurationClassParser.java:386)
	at org.springframework.context.annotation.ConfigurationClassParser.doProcessConfigurationClass(ConfigurationClassParser.java:332)
	at org.springframework.context.annotation.ConfigurationClassParser.processConfigurationClass(ConfigurationClassParser.java:250)
	at org.springframework.context.annotation.ConfigurationClassParser.parse(ConfigurationClassParser.java:199)
	at org.springframework.context.annotation.ConfigurationClassParser.doProcessConfigurationClass(ConfigurationClassParser.java:304)
	at org.springframework.context.annotation.ConfigurationClassParser.processConfigurationClass(ConfigurationClassParser.java:250)
	at org.springframework.context.annotation.ConfigurationClassParser.parse(ConfigurationClassParser.java:207)
	at org.springframework.context.annotation.ConfigurationClassParser.parse(ConfigurationClassParser.java:175)
	... 18 common frames omitted
2022-08-14 12:09:19,316 ERROR [http-nio-8080-exec-1] c.n.c.c.a.ExceptionAdvice [ExceptionAdvice.java:29] 服务器发生异常：Failed to convert value of type 'java.lang.String' to required type 'int'; nested exception is java.lang.NumberFormatException: For input string: "followee.html"
2022-08-14 12:09:19,317 ERROR [http-nio-8080-exec-1] c.n.c.c.a.ExceptionAdvice [ExceptionAdvice.java:31] org.springframework.web.method.annotation.AbstractNamedValueMethodArgumentResolver.resolveArgument(AbstractNamedValueMethodArgumentResolver.java:133)
2022-08-14 12:09:19,317 ERROR [http-nio-8080-exec-1] c.n.c.c.a.ExceptionAdvice [ExceptionAdvice.java:31] org.springframework.web.method.support.HandlerMethodArgumentResolverComposite.resolveArgument(HandlerMethodArgumentResolverComposite.java:122)
2022-08-14 12:09:19,317 ERROR [http-nio-8080-exec-1] c.n.c.c.a.ExceptionAdvice [ExceptionAdvice.java:31] org.springframework.web.method.support.InvocableHandlerMethod.getMethodArgumentValues(InvocableHandlerMethod.java:179)
2022-08-14 12:09:19,317 ERROR [http-nio-8080-exec-1] c.n.c.c.a.ExceptionAdvice [ExceptionAdvice.java:31] org.springframework.web.method.support.InvocableHandlerMethod.invokeForRequest(InvocableHandlerMethod.java:146)
2022-08-14 12:09:19,317 ERROR [http-nio-8080-exec-1] c.n.c.c.a.ExceptionAdvice [ExceptionAdvice.java:31] org.springframework.web.servlet.mvc.method.annotation.ServletInvocableHandlerMethod.invokeAndHandle(ServletInvocableHandlerMethod.java:117)
2022-08-14 12:09:19,317 ERROR [http-nio-8080-exec-1] c.n.c.c.a.ExceptionAdvice [ExceptionAdvice.java:31] org.springframework.web.servlet.mvc.method.annotation.RequestMappingHandlerAdapter.invokeHandlerMethod(RequestMappingHandlerAdapter.java:895)
2022-08-14 12:09:19,317 ERROR [http-nio-8080-exec-1] c.n.c.c.a.ExceptionAdvice [ExceptionAdvice.java:31] org.springframework.web.servlet.mvc.method.annotation.RequestMappingHandlerAdapter.handleInternal(RequestMappingHandlerAdapter.java:808)
2022-08-14 12:09:19,317 ERROR [http-nio-8080-exec-1] c.n.c.c.a.ExceptionAdvice [ExceptionAdvice.java:31] org.springframework.web.servlet.mvc.method.AbstractHandlerMethodAdapter.handle(AbstractHandlerMethodAdapter.java:87)
2022-08-14 12:09:19,317 ERROR [http-nio-8080-exec-1] c.n.c.c.a.ExceptionAdvice [ExceptionAdvice.java:31] org.springframework.web.servlet.DispatcherServlet.doDispatch(DispatcherServlet.java:1067)
2022-08-14 12:09:19,318 ERROR [http-nio-8080-exec-1] c.n.c.c.a.ExceptionAdvice [ExceptionAdvice.java:31] org.springframework.web.servlet.DispatcherServlet.doService(DispatcherServlet.java:963)
2022-08-14 12:09:19,318 ERROR [http-nio-8080-exec-1] c.n.c.c.a.ExceptionAdvice [ExceptionAdvice.java:31] org.springframework.web.servlet.FrameworkServlet.processRequest(FrameworkServlet.java:1006)
2022-08-14 12:09:19,318 ERROR [http-nio-8080-exec-1] c.n.c.c.a.ExceptionAdvice [ExceptionAdvice.java:31] org.springframework.web.servlet.FrameworkServlet.doGet(FrameworkServlet.java:898)
2022-08-14 12:09:19,318 ERROR [http-nio-8080-exec-1] c.n.c.c.a.ExceptionAdvice [ExceptionAdvice.java:31] javax.servlet.http.HttpServlet.service(HttpServlet.java:655)
2022-08-14 12:09:19,318 ERROR [http-nio-8080-exec-1] c.n.c.c.a.ExceptionAdvice [ExceptionAdvice.java:31] org.springframework.web.servlet.FrameworkServlet.service(FrameworkServlet.java:883)
2022-08-14 12:09:19,318 ERROR [http-nio-8080-exec-1] c.n.c.c.a.ExceptionAdvice [ExceptionAdvice.java:31] javax.servlet.http.HttpServlet.service(HttpServlet.java:764)
2022-08-14 12:09:19,318 ERROR [http-nio-8080-exec-1] c.n.c.c.a.ExceptionAdvice [ExceptionAdvice.java:31] org.apache.catalina.core.ApplicationFilterChain.internalDoFilter(ApplicationFilterChain.java:227)
2022-08-14 12:09:19,318 ERROR [http-nio-8080-exec-1] c.n.c.c.a.ExceptionAdvice [ExceptionAdvice.java:31] org.apache.catalina.core.ApplicationFilterChain.doFilter(ApplicationFilterChain.java:162)
2022-08-14 12:09:19,318 ERROR [http-nio-8080-exec-1] c.n.c.c.a.ExceptionAdvice [ExceptionAdvice.java:31] org.apache.tomcat.websocket.server.WsFilter.doFilter(WsFilter.java:53)
2022-08-14 12:09:19,318 ERROR [http-nio-8080-exec-1] c.n.c.c.a.ExceptionAdvice [ExceptionAdvice.java:31] org.apache.catalina.core.ApplicationFilterChain.internalDoFilter(ApplicationFilterChain.java:189)
2022-08-14 12:09:19,318 ERROR [http-nio-8080-exec-1] c.n.c.c.a.ExceptionAdvice [ExceptionAdvice.java:31] org.apache.catalina.core.ApplicationFilterChain.doFilter(ApplicationFilterChain.java:162)
2022-08-14 12:09:19,318 ERROR [http-nio-8080-exec-1] c.n.c.c.a.ExceptionAdvice [ExceptionAdvice.java:31] org.springframework.web.filter.RequestContextFilter.doFilterInternal(RequestContextFilter.java:100)
2022-08-14 12:09:19,319 ERROR [http-nio-8080-exec-1] c.n.c.c.a.ExceptionAdvice [ExceptionAdvice.java:31] org.springframework.web.filter.OncePerRequestFilter.doFilter(OncePerRequestFilter.java:117)
2022-08-14 12:09:19,319 ERROR [http-nio-8080-exec-1] c.n.c.c.a.ExceptionAdvice [ExceptionAdvice.java:31] org.apache.catalina.core.ApplicationFilterChain.internalDoFilter(ApplicationFilterChain.java:189)
2022-08-14 12:09:19,319 ERROR [http-nio-8080-exec-1] c.n.c.c.a.ExceptionAdvice [ExceptionAdvice.java:31] org.apache.catalina.core.ApplicationFilterChain.doFilter(ApplicationFilterChain.java:162)
2022-08-14 12:09:19,319 ERROR [http-nio-8080-exec-1] c.n.c.c.a.ExceptionAdvice [ExceptionAdvice.java:31] org.springframework.web.filter.FormContentFilter.doFilterInternal(FormContentFilter.java:93)
2022-08-14 12:09:19,319 ERROR [http-nio-8080-exec-1] c.n.c.c.a.ExceptionAdvice [ExceptionAdvice.java:31] org.springframework.web.filter.OncePerRequestFilter.doFilter(OncePerRequestFilter.java:117)
2022-08-14 12:09:19,319 ERROR [http-nio-8080-exec-1] c.n.c.c.a.ExceptionAdvice [ExceptionAdvice.java:31] org.apache.catalina.core.ApplicationFilterChain.internalDoFilter(ApplicationFilterChain.java:189)
2022-08-14 12:09:19,319 ERROR [http-nio-8080-exec-1] c.n.c.c.a.ExceptionAdvice [ExceptionAdvice.java:31] org.apache.catalina.core.ApplicationFilterChain.doFilter(ApplicationFilterChain.java:162)
2022-08-14 12:09:19,319 ERROR [http-nio-8080-exec-1] c.n.c.c.a.ExceptionAdvice [ExceptionAdvice.java:31] org.springframework.web.filter.CharacterEncodingFilter.doFilterInternal(CharacterEncodingFilter.java:201)
2022-08-14 12:09:19,319 ERROR [http-nio-8080-exec-1] c.n.c.c.a.ExceptionAdvice [ExceptionAdvice.java:31] org.springframework.web.filter.OncePerRequestFilter.doFilter(OncePerRequestFilter.java:117)
2022-08-14 12:09:19,319 ERROR [http-nio-8080-exec-1] c.n.c.c.a.ExceptionAdvice [ExceptionAdvice.java:31] org.apache.catalina.core.ApplicationFilterChain.internalDoFilter(ApplicationFilterChain.java:189)
2022-08-14 12:09:19,319 ERROR [http-nio-8080-exec-1] c.n.c.c.a.ExceptionAdvice [ExceptionAdvice.java:31] org.apache.catalina.core.ApplicationFilterChain.doFilter(ApplicationFilterChain.java:162)
2022-08-14 12:09:19,319 ERROR [http-nio-8080-exec-1] c.n.c.c.a.ExceptionAdvice [ExceptionAdvice.java:31] org.apache.catalina.core.StandardWrapperValve.invoke(StandardWrapperValve.java:197)
2022-08-14 12:09:19,319 ERROR [http-nio-8080-exec-1] c.n.c.c.a.ExceptionAdvice [ExceptionAdvice.java:31] org.apache.catalina.core.StandardContextValve.invoke(StandardContextValve.java:97)
2022-08-14 12:09:19,319 ERROR [http-nio-8080-exec-1] c.n.c.c.a.ExceptionAdvice [ExceptionAdvice.java:31] org.apache.catalina.authenticator.AuthenticatorBase.invoke(AuthenticatorBase.java:541)
2022-08-14 12:09:19,320 ERROR [http-nio-8080-exec-1] c.n.c.c.a.ExceptionAdvice [ExceptionAdvice.java:31] org.apache.catalina.core.StandardHostValve.invoke(StandardHostValve.java:135)
2022-08-14 12:09:19,320 ERROR [http-nio-8080-exec-1] c.n.c.c.a.ExceptionAdvice [ExceptionAdvice.java:31] org.apache.catalina.valves.ErrorReportValve.invoke(ErrorReportValve.java:92)
2022-08-14 12:09:19,320 ERROR [http-nio-8080-exec-1] c.n.c.c.a.ExceptionAdvice [ExceptionAdvice.java:31] org.apache.catalina.core.StandardEngineValve.invoke(StandardEngineValve.java:78)
2022-08-14 12:09:19,320 ERROR [http-nio-8080-exec-1] c.n.c.c.a.ExceptionAdvice [ExceptionAdvice.java:31] org.apache.catalina.connector.CoyoteAdapter.service(CoyoteAdapter.java:360)
2022-08-14 12:09:19,320 ERROR [http-nio-8080-exec-1] c.n.c.c.a.ExceptionAdvice [ExceptionAdvice.java:31] org.apache.coyote.http11.Http11Processor.service(Http11Processor.java:399)
2022-08-14 12:09:19,320 ERROR [http-nio-8080-exec-1] c.n.c.c.a.ExceptionAdvice [ExceptionAdvice.java:31] org.apache.coyote.AbstractProcessorLight.process(AbstractProcessorLight.java:65)
2022-08-14 12:09:19,320 ERROR [http-nio-8080-exec-1] c.n.c.c.a.ExceptionAdvice [ExceptionAdvice.java:31] org.apache.coyote.AbstractProtocol$ConnectionHandler.process(AbstractProtocol.java:890)
2022-08-14 12:09:19,320 ERROR [http-nio-8080-exec-1] c.n.c.c.a.ExceptionAdvice [ExceptionAdvice.java:31] org.apache.tomcat.util.net.NioEndpoint$SocketProcessor.doRun(NioEndpoint.java:1787)
2022-08-14 12:09:19,320 ERROR [http-nio-8080-exec-1] c.n.c.c.a.ExceptionAdvice [ExceptionAdvice.java:31] org.apache.tomcat.util.net.SocketProcessorBase.run(SocketProcessorBase.java:49)
2022-08-14 12:09:19,320 ERROR [http-nio-8080-exec-1] c.n.c.c.a.ExceptionAdvice [ExceptionAdvice.java:31] org.apache.tomcat.util.threads.ThreadPoolExecutor.runWorker(ThreadPoolExecutor.java:1191)
2022-08-14 12:09:19,320 ERROR [http-nio-8080-exec-1] c.n.c.c.a.ExceptionAdvice [ExceptionAdvice.java:31] org.apache.tomcat.util.threads.ThreadPoolExecutor$Worker.run(ThreadPoolExecutor.java:659)
2022-08-14 12:09:19,320 ERROR [http-nio-8080-exec-1] c.n.c.c.a.ExceptionAdvice [ExceptionAdvice.java:31] org.apache.tomcat.util.threads.TaskThread$WrappingRunnable.run(TaskThread.java:61)
2022-08-14 12:09:19,320 ERROR [http-nio-8080-exec-1] c.n.c.c.a.ExceptionAdvice [ExceptionAdvice.java:31] java.base/java.lang.Thread.run(Thread.java:833)
2022-08-14 12:52:17,871 ERROR [http-nio-8080-exec-4] c.n.c.c.a.ExceptionAdvice [ExceptionAdvice.java:29] 服务器发生异常：Failed to convert value of type 'java.lang.String' to required type 'int'; nested exception is java.lang.NumberFormatException: For input string: "followee.html"
2022-08-14 12:52:17,872 ERROR [http-nio-8080-exec-4] c.n.c.c.a.ExceptionAdvice [ExceptionAdvice.java:31] org.springframework.web.method.annotation.AbstractNamedValueMethodArgumentResolver.resolveArgument(AbstractNamedValueMethodArgumentResolver.java:133)
2022-08-14 12:52:17,872 ERROR [http-nio-8080-exec-4] c.n.c.c.a.ExceptionAdvice [ExceptionAdvice.java:31] org.springframework.web.method.support.HandlerMethodArgumentResolverComposite.resolveArgument(HandlerMethodArgumentResolverComposite.java:122)
2022-08-14 12:52:17,872 ERROR [http-nio-8080-exec-4] c.n.c.c.a.ExceptionAdvice [ExceptionAdvice.java:31] org.springframework.web.method.support.InvocableHandlerMethod.getMethodArgumentValues(InvocableHandlerMethod.java:179)
2022-08-14 12:52:17,872 ERROR [http-nio-8080-exec-4] c.n.c.c.a.ExceptionAdvice [ExceptionAdvice.java:31] org.springframework.web.method.support.InvocableHandlerMethod.invokeForRequest(InvocableHandlerMethod.java:146)
2022-08-14 12:52:17,872 ERROR [http-nio-8080-exec-4] c.n.c.c.a.ExceptionAdvice [ExceptionAdvice.java:31] org.springframework.web.servlet.mvc.method.annotation.ServletInvocableHandlerMethod.invokeAndHandle(ServletInvocableHandlerMethod.java:117)
2022-08-14 12:52:17,872 ERROR [http-nio-8080-exec-4] c.n.c.c.a.ExceptionAdvice [ExceptionAdvice.java:31] org.springframework.web.servlet.mvc.method.annotation.RequestMappingHandlerAdapter.invokeHandlerMethod(RequestMappingHandlerAdapter.java:895)
2022-08-14 12:52:17,872 ERROR [http-nio-8080-exec-4] c.n.c.c.a.ExceptionAdvice [ExceptionAdvice.java:31] org.springframework.web.servlet.mvc.method.annotation.RequestMappingHandlerAdapter.handleInternal(RequestMappingHandlerAdapter.java:808)
2022-08-14 12:52:17,872 ERROR [http-nio-8080-exec-4] c.n.c.c.a.ExceptionAdvice [ExceptionAdvice.java:31] org.springframework.web.servlet.mvc.method.AbstractHandlerMethodAdapter.handle(AbstractHandlerMethodAdapter.java:87)
2022-08-14 12:52:17,872 ERROR [http-nio-8080-exec-4] c.n.c.c.a.ExceptionAdvice [ExceptionAdvice.java:31] org.springframework.web.servlet.DispatcherServlet.doDispatch(DispatcherServlet.java:1067)
2022-08-14 12:52:17,873 ERROR [http-nio-8080-exec-4] c.n.c.c.a.ExceptionAdvice [ExceptionAdvice.java:31] org.springframework.web.servlet.DispatcherServlet.doService(DispatcherServlet.java:963)
2022-08-14 12:52:17,873 ERROR [http-nio-8080-exec-4] c.n.c.c.a.ExceptionAdvice [ExceptionAdvice.java:31] org.springframework.web.servlet.FrameworkServlet.processRequest(FrameworkServlet.java:1006)
2022-08-14 12:52:17,873 ERROR [http-nio-8080-exec-4] c.n.c.c.a.ExceptionAdvice [ExceptionAdvice.java:31] org.springframework.web.servlet.FrameworkServlet.doGet(FrameworkServlet.java:898)
2022-08-14 12:52:17,873 ERROR [http-nio-8080-exec-4] c.n.c.c.a.ExceptionAdvice [ExceptionAdvice.java:31] javax.servlet.http.HttpServlet.service(HttpServlet.java:655)
2022-08-14 12:52:17,873 ERROR [http-nio-8080-exec-4] c.n.c.c.a.ExceptionAdvice [ExceptionAdvice.java:31] org.springframework.web.servlet.FrameworkServlet.service(FrameworkServlet.java:883)
2022-08-14 12:52:17,873 ERROR [http-nio-8080-exec-4] c.n.c.c.a.ExceptionAdvice [ExceptionAdvice.java:31] javax.servlet.http.HttpServlet.service(HttpServlet.java:764)
2022-08-14 12:52:17,873 ERROR [http-nio-8080-exec-4] c.n.c.c.a.ExceptionAdvice [ExceptionAdvice.java:31] org.apache.catalina.core.ApplicationFilterChain.internalDoFilter(ApplicationFilterChain.java:227)
2022-08-14 12:52:17,873 ERROR [http-nio-8080-exec-4] c.n.c.c.a.ExceptionAdvice [ExceptionAdvice.java:31] org.apache.catalina.core.ApplicationFilterChain.doFilter(ApplicationFilterChain.java:162)
2022-08-14 12:52:17,873 ERROR [http-nio-8080-exec-4] c.n.c.c.a.ExceptionAdvice [ExceptionAdvice.java:31] org.apache.tomcat.websocket.server.WsFilter.doFilter(WsFilter.java:53)
2022-08-14 12:52:17,873 ERROR [http-nio-8080-exec-4] c.n.c.c.a.ExceptionAdvice [ExceptionAdvice.java:31] org.apache.catalina.core.ApplicationFilterChain.internalDoFilter(ApplicationFilterChain.java:189)
2022-08-14 12:52:17,873 ERROR [http-nio-8080-exec-4] c.n.c.c.a.ExceptionAdvice [ExceptionAdvice.java:31] org.apache.catalina.core.ApplicationFilterChain.doFilter(ApplicationFilterChain.java:162)
2022-08-14 12:52:17,873 ERROR [http-nio-8080-exec-4] c.n.c.c.a.ExceptionAdvice [ExceptionAdvice.java:31] org.springframework.web.filter.RequestContextFilter.doFilterInternal(RequestContextFilter.java:100)
2022-08-14 12:52:17,873 ERROR [http-nio-8080-exec-4] c.n.c.c.a.ExceptionAdvice [ExceptionAdvice.java:31] org.springframework.web.filter.OncePerRequestFilter.doFilter(OncePerRequestFilter.java:117)
2022-08-14 12:52:17,873 ERROR [http-nio-8080-exec-4] c.n.c.c.a.ExceptionAdvice [ExceptionAdvice.java:31] org.apache.catalina.core.ApplicationFilterChain.internalDoFilter(ApplicationFilterChain.java:189)
2022-08-14 12:52:17,873 ERROR [http-nio-8080-exec-4] c.n.c.c.a.ExceptionAdvice [ExceptionAdvice.java:31] org.apache.catalina.core.ApplicationFilterChain.doFilter(ApplicationFilterChain.java:162)
2022-08-14 12:52:17,874 ERROR [http-nio-8080-exec-4] c.n.c.c.a.ExceptionAdvice [ExceptionAdvice.java:31] org.springframework.web.filter.FormContentFilter.doFilterInternal(FormContentFilter.java:93)
2022-08-14 12:52:17,874 ERROR [http-nio-8080-exec-4] c.n.c.c.a.ExceptionAdvice [ExceptionAdvice.java:31] org.springframework.web.filter.OncePerRequestFilter.doFilter(OncePerRequestFilter.java:117)
2022-08-14 12:52:17,874 ERROR [http-nio-8080-exec-4] c.n.c.c.a.ExceptionAdvice [ExceptionAdvice.java:31] org.apache.catalina.core.ApplicationFilterChain.internalDoFilter(ApplicationFilterChain.java:189)
2022-08-14 12:52:17,874 ERROR [http-nio-8080-exec-4] c.n.c.c.a.ExceptionAdvice [ExceptionAdvice.java:31] org.apache.catalina.core.ApplicationFilterChain.doFilter(ApplicationFilterChain.java:162)
2022-08-14 12:52:17,875 ERROR [http-nio-8080-exec-4] c.n.c.c.a.ExceptionAdvice [ExceptionAdvice.java:31] org.springframework.web.filter.CharacterEncodingFilter.doFilterInternal(CharacterEncodingFilter.java:201)
2022-08-14 12:52:17,875 ERROR [http-nio-8080-exec-4] c.n.c.c.a.ExceptionAdvice [ExceptionAdvice.java:31] org.springframework.web.filter.OncePerRequestFilter.doFilter(OncePerRequestFilter.java:117)
2022-08-14 12:52:17,875 ERROR [http-nio-8080-exec-4] c.n.c.c.a.ExceptionAdvice [ExceptionAdvice.java:31] org.apache.catalina.core.ApplicationFilterChain.internalDoFilter(ApplicationFilterChain.java:189)
2022-08-14 12:52:17,875 ERROR [http-nio-8080-exec-4] c.n.c.c.a.ExceptionAdvice [ExceptionAdvice.java:31] org.apache.catalina.core.ApplicationFilterChain.doFilter(ApplicationFilterChain.java:162)
2022-08-14 12:52:17,875 ERROR [http-nio-8080-exec-4] c.n.c.c.a.ExceptionAdvice [ExceptionAdvice.java:31] org.apache.catalina.core.StandardWrapperValve.invoke(StandardWrapperValve.java:197)
2022-08-14 12:52:17,875 ERROR [http-nio-8080-exec-4] c.n.c.c.a.ExceptionAdvice [ExceptionAdvice.java:31] org.apache.catalina.core.StandardContextValve.invoke(StandardContextValve.java:97)
2022-08-14 12:52:17,875 ERROR [http-nio-8080-exec-4] c.n.c.c.a.ExceptionAdvice [ExceptionAdvice.java:31] org.apache.catalina.authenticator.AuthenticatorBase.invoke(AuthenticatorBase.java:541)
2022-08-14 12:52:17,875 ERROR [http-nio-8080-exec-4] c.n.c.c.a.ExceptionAdvice [ExceptionAdvice.java:31] org.apache.catalina.core.StandardHostValve.invoke(StandardHostValve.java:135)
2022-08-14 12:52:17,875 ERROR [http-nio-8080-exec-4] c.n.c.c.a.ExceptionAdvice [ExceptionAdvice.java:31] org.apache.catalina.valves.ErrorReportValve.invoke(ErrorReportValve.java:92)
2022-08-14 12:52:17,875 ERROR [http-nio-8080-exec-4] c.n.c.c.a.ExceptionAdvice [ExceptionAdvice.java:31] org.apache.catalina.core.StandardEngineValve.invoke(StandardEngineValve.java:78)
2022-08-14 12:52:17,875 ERROR [http-nio-8080-exec-4] c.n.c.c.a.ExceptionAdvice [ExceptionAdvice.java:31] org.apache.catalina.connector.CoyoteAdapter.service(CoyoteAdapter.java:360)
2022-08-14 12:52:17,875 ERROR [http-nio-8080-exec-4] c.n.c.c.a.ExceptionAdvice [ExceptionAdvice.java:31] org.apache.coyote.http11.Http11Processor.service(Http11Processor.java:399)
2022-08-14 12:52:17,875 ERROR [http-nio-8080-exec-4] c.n.c.c.a.ExceptionAdvice [ExceptionAdvice.java:31] org.apache.coyote.AbstractProcessorLight.process(AbstractProcessorLight.java:65)
2022-08-14 12:52:17,875 ERROR [http-nio-8080-exec-4] c.n.c.c.a.ExceptionAdvice [ExceptionAdvice.java:31] org.apache.coyote.AbstractProtocol$ConnectionHandler.process(AbstractProtocol.java:890)
2022-08-14 12:52:17,875 ERROR [http-nio-8080-exec-4] c.n.c.c.a.ExceptionAdvice [ExceptionAdvice.java:31] org.apache.tomcat.util.net.NioEndpoint$SocketProcessor.doRun(NioEndpoint.java:1787)
2022-08-14 12:52:17,875 ERROR [http-nio-8080-exec-4] c.n.c.c.a.ExceptionAdvice [ExceptionAdvice.java:31] org.apache.tomcat.util.net.SocketProcessorBase.run(SocketProcessorBase.java:49)
2022-08-14 12:52:17,875 ERROR [http-nio-8080-exec-4] c.n.c.c.a.ExceptionAdvice [ExceptionAdvice.java:31] org.apache.tomcat.util.threads.ThreadPoolExecutor.runWorker(ThreadPoolExecutor.java:1191)
2022-08-14 12:52:17,875 ERROR [http-nio-8080-exec-4] c.n.c.c.a.ExceptionAdvice [ExceptionAdvice.java:31] org.apache.tomcat.util.threads.ThreadPoolExecutor$Worker.run(ThreadPoolExecutor.java:659)
2022-08-14 12:52:17,875 ERROR [http-nio-8080-exec-4] c.n.c.c.a.ExceptionAdvice [ExceptionAdvice.java:31] org.apache.tomcat.util.threads.TaskThread$WrappingRunnable.run(TaskThread.java:61)
2022-08-14 12:52:17,875 ERROR [http-nio-8080-exec-4] c.n.c.c.a.ExceptionAdvice [ExceptionAdvice.java:31] java.base/java.lang.Thread.run(Thread.java:833)
2022-08-14 18:08:22,500 ERROR [restartedMain] o.s.b.d.LoggingFailureAnalysisReporter [LoggingFailureAnalysisReporter.java:40] 

***************************
APPLICATION FAILED TO START
***************************

Description:

Field userService in com.nowcoder.community.controller.interceptor.LoginTicketInterceptor required a bean of type 'com.nowcoder.community.service.UserService' that could not be found.

The injection point has the following annotations:
	- @org.springframework.beans.factory.annotation.Autowired(required=true)


Action:

Consider defining a bean of type 'com.nowcoder.community.service.UserService' in your configuration.

