2022-07-16 21:07:54,085 INFO [restartedMain] c.n.c.CommunityApplication [StartupInfoLogger.java:55] Starting CommunityApplication using Java 17.0.2 on LAPTOP-IR1SK0IG with PID 20056 (D:\data\javaProjects\nowcoderCommunity\community\target\classes started by 贾雨琦 in D:\data\javaProjects\nowcoderCommunity\community)
2022-07-16 21:07:54,086 INFO [restartedMain] c.n.c.CommunityApplication [SpringApplication.java:634] No active profile set, falling back to 1 default profile: "default"
2022-07-16 21:07:54,273 INFO [restartedMain] o.s.b.w.e.t.TomcatWebServer [TomcatWebServer.java:108] Tomcat initialized with port(s): 8080 (http)
2022-07-16 21:07:54,274 INFO [restartedMain] o.a.c.c.StandardService [DirectJDKLog.java:173] Starting service [Tomcat]
2022-07-16 21:07:54,274 INFO [restartedMain] o.a.c.c.StandardEngine [DirectJDKLog.java:173] Starting Servlet engine: [Apache Tomcat/9.0.64]
2022-07-16 21:07:54,293 INFO [restartedMain] o.a.c.c.C.[.[.[/community] [DirectJDKLog.java:173] Initializing Spring embedded WebApplicationContext
2022-07-16 21:07:54,293 INFO [restartedMain] o.s.b.w.s.c.ServletWebServerApplicationContext [ServletWebServerApplicationContext.java:292] Root WebApplicationContext: initialization completed in 205 ms
2022-07-16 21:07:54,394 INFO [restartedMain] o.s.b.a.w.s.WelcomePageHandlerMapping [WelcomePageHandlerMapping.java:57] Adding welcome page template: index
2022-07-16 21:07:54,447 INFO [restartedMain] o.s.b.d.a.OptionalLiveReloadServer [OptionalLiveReloadServer.java:58] LiveReload server is running on port 35729
2022-07-16 21:07:54,459 INFO [restartedMain] o.s.b.w.e.t.TomcatWebServer [TomcatWebServer.java:220] Tomcat started on port(s): 8080 (http) with context path '/community'
2022-07-16 21:07:54,463 INFO [restartedMain] c.n.c.CommunityApplication [StartupInfoLogger.java:61] Started CommunityApplication in 0.437 seconds (JVM running for 6114.584)
2022-07-16 21:07:54,464 INFO [restartedMain] o.s.b.d.a.ConditionEvaluationDeltaLoggingListener [ConditionEvaluationDeltaLoggingListener.java:63] Condition evaluation unchanged
2022-07-16 21:07:55,003 INFO [main] c.n.c.LoggerTests [StartupInfoLogger.java:55] Starting LoggerTests using Java 17.0.2 on LAPTOP-IR1SK0IG with PID 31036 (started by 贾雨琦 in D:\data\javaProjects\nowcoderCommunity\community)
2022-07-16 21:07:55,005 INFO [main] c.n.c.LoggerTests [SpringApplication.java:634] No active profile set, falling back to 1 default profile: "default"
2022-07-16 21:07:56,366 INFO [main] o.s.b.a.w.s.WelcomePageHandlerMapping [WelcomePageHandlerMapping.java:57] Adding welcome page template: index
2022-07-16 21:07:56,694 INFO [main] c.n.c.LoggerTests [StartupInfoLogger.java:61] Started LoggerTests in 1.993 seconds (JVM running for 2.748)
2022-07-16 21:07:57,049 INFO [main] c.n.c.LoggerTests [LoggerTests.java:26] info log
2022-07-16 21:22:05,392 INFO [restartedMain] c.n.c.CommunityApplication [StartupInfoLogger.java:55] Starting CommunityApplication using Java 17.0.2 on LAPTOP-IR1SK0IG with PID 20056 (D:\data\javaProjects\nowcoderCommunity\community\target\classes started by 贾雨琦 in D:\data\javaProjects\nowcoderCommunity\community)
2022-07-16 21:22:05,393 INFO [restartedMain] c.n.c.CommunityApplication [SpringApplication.java:634] No active profile set, falling back to 1 default profile: "default"
2022-07-16 21:22:05,587 INFO [restartedMain] o.s.b.w.e.t.TomcatWebServer [TomcatWebServer.java:108] Tomcat initialized with port(s): 8080 (http)
2022-07-16 21:22:05,587 INFO [restartedMain] o.a.c.c.StandardService [DirectJDKLog.java:173] Starting service [Tomcat]
2022-07-16 21:22:05,587 INFO [restartedMain] o.a.c.c.StandardEngine [DirectJDKLog.java:173] Starting Servlet engine: [Apache Tomcat/9.0.64]
2022-07-16 21:22:05,610 INFO [restartedMain] o.a.c.c.C.[.[.[/community] [DirectJDKLog.java:173] Initializing Spring embedded WebApplicationContext
2022-07-16 21:22:05,610 INFO [restartedMain] o.s.b.w.s.c.ServletWebServerApplicationContext [ServletWebServerApplicationContext.java:292] Root WebApplicationContext: initialization completed in 215 ms
2022-07-16 21:22:05,698 INFO [restartedMain] o.s.b.a.w.s.WelcomePageHandlerMapping [WelcomePageHandlerMapping.java:57] Adding welcome page template: index
2022-07-16 21:22:05,746 INFO [restartedMain] o.s.b.d.a.OptionalLiveReloadServer [OptionalLiveReloadServer.java:58] LiveReload server is running on port 35729
2022-07-16 21:22:05,755 INFO [restartedMain] o.s.b.w.e.t.TomcatWebServer [TomcatWebServer.java:220] Tomcat started on port(s): 8080 (http) with context path '/community'
2022-07-16 21:22:05,758 INFO [restartedMain] c.n.c.CommunityApplication [StartupInfoLogger.java:61] Started CommunityApplication in 0.394 seconds (JVM running for 6965.88)
2022-07-16 21:22:05,759 INFO [restartedMain] o.s.b.d.a.ConditionEvaluationDeltaLoggingListener [ConditionEvaluationDeltaLoggingListener.java:63] Condition evaluation unchanged
2022-07-16 21:22:06,253 INFO [main] c.n.c.LoggerTests [StartupInfoLogger.java:55] Starting LoggerTests using Java 17.0.2 on LAPTOP-IR1SK0IG with PID 23640 (started by 贾雨琦 in D:\data\javaProjects\nowcoderCommunity\community)
2022-07-16 21:22:06,255 INFO [main] c.n.c.LoggerTests [SpringApplication.java:634] No active profile set, falling back to 1 default profile: "default"
2022-07-16 21:22:07,623 INFO [main] o.s.b.a.w.s.WelcomePageHandlerMapping [WelcomePageHandlerMapping.java:57] Adding welcome page template: index
2022-07-16 21:22:07,913 INFO [main] c.n.c.LoggerTests [StartupInfoLogger.java:61] Started LoggerTests in 1.974 seconds (JVM running for 2.705)
2022-07-16 21:22:08,275 INFO [main] c.n.c.LoggerTests [LoggerTests.java:26] info log
