2022-07-21 11:29:02,255 INFO [restartedMain] c.n.c.CommunityApplication [StartupInfoLogger.java:55] Starting CommunityApplication using Java 17.0.2 on LAPTOP-IR1SK0IG with PID 39164 (D:\data\javaProjects\nowcoderCommunity\community\target\classes started by 贾雨琦 in D:\data\javaProjects\nowcoderCommunity\community)
2022-07-21 11:29:02,266 INFO [restartedMain] c.n.c.CommunityApplication [SpringApplication.java:634] No active profile set, falling back to 1 default profile: "default"
2022-07-21 11:29:02,303 INFO [restartedMain] o.s.b.d.e.DevToolsPropertyDefaultsPostProcessor [DeferredLog.java:255] Devtools property defaults active! Set 'spring.devtools.add-properties' to 'false' to disable
2022-07-21 11:29:02,303 INFO [restartedMain] o.s.b.d.e.DevToolsPropertyDefaultsPostProcessor [DeferredLog.java:255] For additional web related logging consider setting the 'logging.level.web' property to 'DEBUG'
2022-07-21 11:29:03,166 INFO [restartedMain] o.s.b.w.e.t.TomcatWebServer [TomcatWebServer.java:108] Tomcat initialized with port(s): 8080 (http)
2022-07-21 11:29:03,173 INFO [restartedMain] o.a.c.h.Http11NioProtocol [DirectJDKLog.java:173] Initializing ProtocolHandler ["http-nio-8080"]
2022-07-21 11:29:03,174 INFO [restartedMain] o.a.c.c.StandardService [DirectJDKLog.java:173] Starting service [Tomcat]
2022-07-21 11:29:03,174 INFO [restartedMain] o.a.c.c.StandardEngine [DirectJDKLog.java:173] Starting Servlet engine: [Apache Tomcat/9.0.64]
2022-07-21 11:29:03,241 INFO [restartedMain] o.a.c.c.C.[.[.[/community] [DirectJDKLog.java:173] Initializing Spring embedded WebApplicationContext
2022-07-21 11:29:03,242 INFO [restartedMain] o.s.b.w.s.c.ServletWebServerApplicationContext [ServletWebServerApplicationContext.java:292] Root WebApplicationContext: initialization completed in 938 ms
2022-07-21 11:29:03,664 INFO [restartedMain] o.s.b.a.w.s.WelcomePageHandlerMapping [WelcomePageHandlerMapping.java:57] Adding welcome page template: index
2022-07-21 11:29:03,810 INFO [restartedMain] o.s.b.d.a.OptionalLiveReloadServer [OptionalLiveReloadServer.java:58] LiveReload server is running on port 35729
2022-07-21 11:29:03,823 INFO [restartedMain] o.a.c.h.Http11NioProtocol [DirectJDKLog.java:173] Starting ProtocolHandler ["http-nio-8080"]
2022-07-21 11:29:03,840 INFO [restartedMain] o.s.b.w.e.t.TomcatWebServer [TomcatWebServer.java:220] Tomcat started on port(s): 8080 (http) with context path '/community'
2022-07-21 11:29:03,849 INFO [restartedMain] c.n.c.CommunityApplication [StartupInfoLogger.java:61] Started CommunityApplication in 1.94 seconds (JVM running for 3.378)
2022-07-21 11:29:09,099 INFO [http-nio-8080-exec-1] o.a.c.c.C.[.[.[/community] [DirectJDKLog.java:173] Initializing Spring DispatcherServlet 'dispatcherServlet'
2022-07-21 11:29:09,099 INFO [http-nio-8080-exec-1] o.s.w.s.DispatcherServlet [FrameworkServlet.java:525] Initializing Servlet 'dispatcherServlet'
2022-07-21 11:29:09,100 INFO [http-nio-8080-exec-1] o.s.w.s.DispatcherServlet [FrameworkServlet.java:547] Completed initialization in 0 ms
2022-07-21 11:29:09,146 INFO [http-nio-8080-exec-1] c.z.h.HikariDataSource [HikariDataSource.java:110] HikariPool-1 - Starting...
2022-07-21 11:29:09,260 INFO [http-nio-8080-exec-1] c.z.h.HikariDataSource [HikariDataSource.java:123] HikariPool-1 - Start completed.
2022-07-21 11:30:33,099 INFO [SpringApplicationShutdownHook] c.z.h.HikariDataSource [HikariDataSource.java:350] HikariPool-1 - Shutdown initiated...
2022-07-21 11:30:33,105 INFO [SpringApplicationShutdownHook] c.z.h.HikariDataSource [HikariDataSource.java:352] HikariPool-1 - Shutdown completed.
2022-07-21 11:30:35,747 INFO [restartedMain] c.n.c.CommunityApplication [StartupInfoLogger.java:55] Starting CommunityApplication using Java 17.0.2 on LAPTOP-IR1SK0IG with PID 7876 (D:\data\javaProjects\nowcoderCommunity\community\target\classes started by 贾雨琦 in D:\data\javaProjects\nowcoderCommunity\community)
2022-07-21 11:30:35,749 INFO [restartedMain] c.n.c.CommunityApplication [SpringApplication.java:634] No active profile set, falling back to 1 default profile: "default"
2022-07-21 11:30:35,778 INFO [restartedMain] o.s.b.d.e.DevToolsPropertyDefaultsPostProcessor [DeferredLog.java:255] Devtools property defaults active! Set 'spring.devtools.add-properties' to 'false' to disable
2022-07-21 11:30:35,779 INFO [restartedMain] o.s.b.d.e.DevToolsPropertyDefaultsPostProcessor [DeferredLog.java:255] For additional web related logging consider setting the 'logging.level.web' property to 'DEBUG'
2022-07-21 11:30:36,537 INFO [restartedMain] o.s.b.w.e.t.TomcatWebServer [TomcatWebServer.java:108] Tomcat initialized with port(s): 8080 (http)
2022-07-21 11:30:36,543 INFO [restartedMain] o.a.c.h.Http11NioProtocol [DirectJDKLog.java:173] Initializing ProtocolHandler ["http-nio-8080"]
2022-07-21 11:30:36,543 INFO [restartedMain] o.a.c.c.StandardService [DirectJDKLog.java:173] Starting service [Tomcat]
2022-07-21 11:30:36,543 INFO [restartedMain] o.a.c.c.StandardEngine [DirectJDKLog.java:173] Starting Servlet engine: [Apache Tomcat/9.0.64]
2022-07-21 11:30:36,598 INFO [restartedMain] o.a.c.c.C.[.[.[/community] [DirectJDKLog.java:173] Initializing Spring embedded WebApplicationContext
2022-07-21 11:30:36,598 INFO [restartedMain] o.s.b.w.s.c.ServletWebServerApplicationContext [ServletWebServerApplicationContext.java:292] Root WebApplicationContext: initialization completed in 819 ms
2022-07-21 11:30:36,908 INFO [restartedMain] o.s.b.a.w.s.WelcomePageHandlerMapping [WelcomePageHandlerMapping.java:57] Adding welcome page template: index
2022-07-21 11:30:37,025 INFO [restartedMain] o.s.b.d.a.OptionalLiveReloadServer [OptionalLiveReloadServer.java:58] LiveReload server is running on port 35729
2022-07-21 11:30:37,037 INFO [restartedMain] o.a.c.h.Http11NioProtocol [DirectJDKLog.java:173] Starting ProtocolHandler ["http-nio-8080"]
2022-07-21 11:30:37,051 INFO [restartedMain] o.s.b.w.e.t.TomcatWebServer [TomcatWebServer.java:220] Tomcat started on port(s): 8080 (http) with context path '/community'
2022-07-21 11:30:37,060 INFO [restartedMain] c.n.c.CommunityApplication [StartupInfoLogger.java:61] Started CommunityApplication in 1.599 seconds (JVM running for 2.367)
2022-07-21 11:30:39,432 INFO [http-nio-8080-exec-1] o.a.c.c.C.[.[.[/community] [DirectJDKLog.java:173] Initializing Spring DispatcherServlet 'dispatcherServlet'
2022-07-21 11:30:39,432 INFO [http-nio-8080-exec-1] o.s.w.s.DispatcherServlet [FrameworkServlet.java:525] Initializing Servlet 'dispatcherServlet'
2022-07-21 11:30:39,433 INFO [http-nio-8080-exec-1] o.s.w.s.DispatcherServlet [FrameworkServlet.java:547] Completed initialization in 1 ms
2022-07-21 11:30:47,472 INFO [http-nio-8080-exec-9] c.z.h.HikariDataSource [HikariDataSource.java:110] HikariPool-1 - Starting...
2022-07-21 11:30:47,574 INFO [http-nio-8080-exec-9] c.z.h.HikariDataSource [HikariDataSource.java:123] HikariPool-1 - Start completed.
2022-07-21 12:36:37,482 INFO [SpringApplicationShutdownHook] c.z.h.HikariDataSource [HikariDataSource.java:350] HikariPool-1 - Shutdown initiated...
2022-07-21 12:36:37,487 INFO [SpringApplicationShutdownHook] c.z.h.HikariDataSource [HikariDataSource.java:352] HikariPool-1 - Shutdown completed.
2022-07-21 12:36:41,338 INFO [restartedMain] c.n.c.CommunityApplication [StartupInfoLogger.java:55] Starting CommunityApplication using Java 17.0.2 on LAPTOP-IR1SK0IG with PID 5032 (D:\data\javaProjects\nowcoderCommunity\community\target\classes started by 贾雨琦 in D:\data\javaProjects\nowcoderCommunity\community)
2022-07-21 12:36:41,340 INFO [restartedMain] c.n.c.CommunityApplication [SpringApplication.java:634] No active profile set, falling back to 1 default profile: "default"
2022-07-21 12:36:41,369 INFO [restartedMain] o.s.b.d.e.DevToolsPropertyDefaultsPostProcessor [DeferredLog.java:255] Devtools property defaults active! Set 'spring.devtools.add-properties' to 'false' to disable
2022-07-21 12:36:41,369 INFO [restartedMain] o.s.b.d.e.DevToolsPropertyDefaultsPostProcessor [DeferredLog.java:255] For additional web related logging consider setting the 'logging.level.web' property to 'DEBUG'
2022-07-21 12:36:42,144 INFO [restartedMain] o.s.b.w.e.t.TomcatWebServer [TomcatWebServer.java:108] Tomcat initialized with port(s): 8080 (http)
2022-07-21 12:36:42,149 INFO [restartedMain] o.a.c.h.Http11NioProtocol [DirectJDKLog.java:173] Initializing ProtocolHandler ["http-nio-8080"]
2022-07-21 12:36:42,150 INFO [restartedMain] o.a.c.c.StandardService [DirectJDKLog.java:173] Starting service [Tomcat]
2022-07-21 12:36:42,150 INFO [restartedMain] o.a.c.c.StandardEngine [DirectJDKLog.java:173] Starting Servlet engine: [Apache Tomcat/9.0.64]
2022-07-21 12:36:42,211 INFO [restartedMain] o.a.c.c.C.[.[.[/community] [DirectJDKLog.java:173] Initializing Spring embedded WebApplicationContext
2022-07-21 12:36:42,211 INFO [restartedMain] o.s.b.w.s.c.ServletWebServerApplicationContext [ServletWebServerApplicationContext.java:292] Root WebApplicationContext: initialization completed in 841 ms
2022-07-21 12:36:42,532 INFO [restartedMain] o.s.b.a.w.s.WelcomePageHandlerMapping [WelcomePageHandlerMapping.java:57] Adding welcome page template: index
2022-07-21 12:36:42,665 INFO [restartedMain] o.s.b.d.a.OptionalLiveReloadServer [OptionalLiveReloadServer.java:58] LiveReload server is running on port 35729
2022-07-21 12:36:42,677 INFO [restartedMain] o.a.c.h.Http11NioProtocol [DirectJDKLog.java:173] Starting ProtocolHandler ["http-nio-8080"]
2022-07-21 12:36:42,694 INFO [restartedMain] o.s.b.w.e.t.TomcatWebServer [TomcatWebServer.java:220] Tomcat started on port(s): 8080 (http) with context path '/community'
2022-07-21 12:36:42,703 INFO [restartedMain] c.n.c.CommunityApplication [StartupInfoLogger.java:61] Started CommunityApplication in 1.648 seconds (JVM running for 2.359)
2022-07-21 12:37:52,807 INFO [http-nio-8080-exec-1] o.a.c.c.C.[.[.[/community] [DirectJDKLog.java:173] Initializing Spring DispatcherServlet 'dispatcherServlet'
2022-07-21 12:37:52,807 INFO [http-nio-8080-exec-1] o.s.w.s.DispatcherServlet [FrameworkServlet.java:525] Initializing Servlet 'dispatcherServlet'
2022-07-21 12:37:52,808 INFO [http-nio-8080-exec-1] o.s.w.s.DispatcherServlet [FrameworkServlet.java:547] Completed initialization in 1 ms
2022-07-21 12:45:48,976 INFO [http-nio-8080-exec-3] c.z.h.HikariDataSource [HikariDataSource.java:110] HikariPool-1 - Starting...
2022-07-21 12:45:49,081 INFO [http-nio-8080-exec-3] c.z.h.HikariDataSource [HikariDataSource.java:123] HikariPool-1 - Start completed.
2022-07-21 12:52:45,588 INFO [Thread-5] c.z.h.HikariDataSource [HikariDataSource.java:350] HikariPool-1 - Shutdown initiated...
2022-07-21 12:52:45,592 INFO [Thread-5] c.z.h.HikariDataSource [HikariDataSource.java:352] HikariPool-1 - Shutdown completed.
2022-07-21 12:52:45,666 INFO [restartedMain] c.n.c.CommunityApplication [StartupInfoLogger.java:55] Starting CommunityApplication using Java 17.0.2 on LAPTOP-IR1SK0IG with PID 5032 (D:\data\javaProjects\nowcoderCommunity\community\target\classes started by 贾雨琦 in D:\data\javaProjects\nowcoderCommunity\community)
2022-07-21 12:52:45,666 INFO [restartedMain] c.n.c.CommunityApplication [SpringApplication.java:634] No active profile set, falling back to 1 default profile: "default"
2022-07-21 12:52:45,888 INFO [restartedMain] o.s.b.w.e.t.TomcatWebServer [TomcatWebServer.java:108] Tomcat initialized with port(s): 8080 (http)
2022-07-21 12:52:45,888 INFO [restartedMain] o.a.c.h.Http11NioProtocol [DirectJDKLog.java:173] Initializing ProtocolHandler ["http-nio-8080"]
2022-07-21 12:52:45,889 INFO [restartedMain] o.a.c.c.StandardService [DirectJDKLog.java:173] Starting service [Tomcat]
2022-07-21 12:52:45,889 INFO [restartedMain] o.a.c.c.StandardEngine [DirectJDKLog.java:173] Starting Servlet engine: [Apache Tomcat/9.0.64]
2022-07-21 12:52:45,907 INFO [restartedMain] o.a.c.c.C.[.[.[/community] [DirectJDKLog.java:173] Initializing Spring embedded WebApplicationContext
2022-07-21 12:52:45,907 INFO [restartedMain] o.s.b.w.s.c.ServletWebServerApplicationContext [ServletWebServerApplicationContext.java:292] Root WebApplicationContext: initialization completed in 239 ms
2022-07-21 12:52:46,003 INFO [restartedMain] o.s.b.a.w.s.WelcomePageHandlerMapping [WelcomePageHandlerMapping.java:57] Adding welcome page template: index
2022-07-21 12:52:46,042 INFO [restartedMain] o.s.b.d.a.OptionalLiveReloadServer [OptionalLiveReloadServer.java:58] LiveReload server is running on port 35729
2022-07-21 12:52:46,048 INFO [restartedMain] o.a.c.h.Http11NioProtocol [DirectJDKLog.java:173] Starting ProtocolHandler ["http-nio-8080"]
2022-07-21 12:52:46,052 INFO [restartedMain] o.s.b.w.e.t.TomcatWebServer [TomcatWebServer.java:220] Tomcat started on port(s): 8080 (http) with context path '/community'
2022-07-21 12:52:46,055 INFO [restartedMain] c.n.c.CommunityApplication [StartupInfoLogger.java:61] Started CommunityApplication in 0.428 seconds (JVM running for 965.711)
2022-07-21 12:52:46,056 INFO [restartedMain] o.s.b.d.a.ConditionEvaluationDeltaLoggingListener [ConditionEvaluationDeltaLoggingListener.java:63] Condition evaluation unchanged
2022-07-21 12:53:10,601 INFO [http-nio-8080-exec-1] o.a.c.c.C.[.[.[/community] [DirectJDKLog.java:173] Initializing Spring DispatcherServlet 'dispatcherServlet'
2022-07-21 12:53:10,602 INFO [http-nio-8080-exec-1] o.s.w.s.DispatcherServlet [FrameworkServlet.java:525] Initializing Servlet 'dispatcherServlet'
2022-07-21 12:53:10,602 INFO [http-nio-8080-exec-1] o.s.w.s.DispatcherServlet [FrameworkServlet.java:547] Completed initialization in 0 ms
2022-07-21 12:55:53,760 INFO [restartedMain] c.n.c.CommunityApplication [StartupInfoLogger.java:55] Starting CommunityApplication using Java 17.0.2 on LAPTOP-IR1SK0IG with PID 5032 (D:\data\javaProjects\nowcoderCommunity\community\target\classes started by 贾雨琦 in D:\data\javaProjects\nowcoderCommunity\community)
2022-07-21 12:55:53,761 INFO [restartedMain] c.n.c.CommunityApplication [SpringApplication.java:634] No active profile set, falling back to 1 default profile: "default"
2022-07-21 12:55:53,961 INFO [restartedMain] o.s.b.w.e.t.TomcatWebServer [TomcatWebServer.java:108] Tomcat initialized with port(s): 8080 (http)
2022-07-21 12:55:53,961 INFO [restartedMain] o.a.c.h.Http11NioProtocol [DirectJDKLog.java:173] Initializing ProtocolHandler ["http-nio-8080"]
2022-07-21 12:55:53,962 INFO [restartedMain] o.a.c.c.StandardService [DirectJDKLog.java:173] Starting service [Tomcat]
2022-07-21 12:55:53,962 INFO [restartedMain] o.a.c.c.StandardEngine [DirectJDKLog.java:173] Starting Servlet engine: [Apache Tomcat/9.0.64]
2022-07-21 12:55:53,978 INFO [restartedMain] o.a.c.c.C.[.[.[/community] [DirectJDKLog.java:173] Initializing Spring embedded WebApplicationContext
2022-07-21 12:55:53,979 INFO [restartedMain] o.s.b.w.s.c.ServletWebServerApplicationContext [ServletWebServerApplicationContext.java:292] Root WebApplicationContext: initialization completed in 216 ms
2022-07-21 12:55:54,069 INFO [restartedMain] o.s.b.a.w.s.WelcomePageHandlerMapping [WelcomePageHandlerMapping.java:57] Adding welcome page template: index
2022-07-21 12:55:54,108 INFO [restartedMain] o.s.b.d.a.OptionalLiveReloadServer [OptionalLiveReloadServer.java:58] LiveReload server is running on port 35729
2022-07-21 12:55:54,114 INFO [restartedMain] o.a.c.h.Http11NioProtocol [DirectJDKLog.java:173] Starting ProtocolHandler ["http-nio-8080"]
2022-07-21 12:55:54,118 INFO [restartedMain] o.s.b.w.e.t.TomcatWebServer [TomcatWebServer.java:220] Tomcat started on port(s): 8080 (http) with context path '/community'
2022-07-21 12:55:54,120 INFO [restartedMain] c.n.c.CommunityApplication [StartupInfoLogger.java:61] Started CommunityApplication in 0.389 seconds (JVM running for 1153.777)
2022-07-21 12:55:54,121 INFO [restartedMain] o.s.b.d.a.ConditionEvaluationDeltaLoggingListener [ConditionEvaluationDeltaLoggingListener.java:63] Condition evaluation unchanged
2022-07-21 12:56:15,664 INFO [http-nio-8080-exec-1] o.a.c.c.C.[.[.[/community] [DirectJDKLog.java:173] Initializing Spring DispatcherServlet 'dispatcherServlet'
2022-07-21 12:56:15,665 INFO [http-nio-8080-exec-1] o.s.w.s.DispatcherServlet [FrameworkServlet.java:525] Initializing Servlet 'dispatcherServlet'
2022-07-21 12:56:15,665 INFO [http-nio-8080-exec-1] o.s.w.s.DispatcherServlet [FrameworkServlet.java:547] Completed initialization in 0 ms
2022-07-21 13:17:40,647 INFO [restartedMain] c.n.c.CommunityApplication [StartupInfoLogger.java:55] Starting CommunityApplication using Java 17.0.2 on LAPTOP-IR1SK0IG with PID 5032 (D:\data\javaProjects\nowcoderCommunity\community\target\classes started by 贾雨琦 in D:\data\javaProjects\nowcoderCommunity\community)
2022-07-21 13:17:40,648 INFO [restartedMain] c.n.c.CommunityApplication [SpringApplication.java:634] No active profile set, falling back to 1 default profile: "default"
2022-07-21 13:17:40,845 INFO [restartedMain] o.s.b.w.e.t.TomcatWebServer [TomcatWebServer.java:108] Tomcat initialized with port(s): 8080 (http)
2022-07-21 13:17:40,846 INFO [restartedMain] o.a.c.h.Http11NioProtocol [DirectJDKLog.java:173] Initializing ProtocolHandler ["http-nio-8080"]
2022-07-21 13:17:40,846 INFO [restartedMain] o.a.c.c.StandardService [DirectJDKLog.java:173] Starting service [Tomcat]
2022-07-21 13:17:40,846 INFO [restartedMain] o.a.c.c.StandardEngine [DirectJDKLog.java:173] Starting Servlet engine: [Apache Tomcat/9.0.64]
2022-07-21 13:17:40,865 INFO [restartedMain] o.a.c.c.C.[.[.[/community] [DirectJDKLog.java:173] Initializing Spring embedded WebApplicationContext
2022-07-21 13:17:40,865 INFO [restartedMain] o.s.b.w.s.c.ServletWebServerApplicationContext [ServletWebServerApplicationContext.java:292] Root WebApplicationContext: initialization completed in 215 ms
2022-07-21 13:17:40,956 INFO [restartedMain] o.s.b.a.w.s.WelcomePageHandlerMapping [WelcomePageHandlerMapping.java:57] Adding welcome page template: index
2022-07-21 13:17:40,969 INFO [restartedMain] o.a.c.c.StandardService [DirectJDKLog.java:173] Stopping service [Tomcat]
2022-07-21 13:17:40,973 INFO [restartedMain] o.s.b.a.l.ConditionEvaluationReportLoggingListener [ConditionEvaluationReportLoggingListener.java:136] 

Error starting ApplicationContext. To display the conditions report re-run your application with 'debug' enabled.
2022-07-21 13:18:50,460 INFO [restartedMain] c.n.c.CommunityApplication [StartupInfoLogger.java:55] Starting CommunityApplication using Java 17.0.2 on LAPTOP-IR1SK0IG with PID 5032 (D:\data\javaProjects\nowcoderCommunity\community\target\classes started by 贾雨琦 in D:\data\javaProjects\nowcoderCommunity\community)
2022-07-21 13:18:50,461 INFO [restartedMain] c.n.c.CommunityApplication [SpringApplication.java:634] No active profile set, falling back to 1 default profile: "default"
2022-07-21 13:18:50,637 INFO [restartedMain] o.s.b.w.e.t.TomcatWebServer [TomcatWebServer.java:108] Tomcat initialized with port(s): 8080 (http)
2022-07-21 13:18:50,638 INFO [restartedMain] o.a.c.h.Http11NioProtocol [DirectJDKLog.java:173] Initializing ProtocolHandler ["http-nio-8080"]
2022-07-21 13:18:50,638 INFO [restartedMain] o.a.c.c.StandardService [DirectJDKLog.java:173] Starting service [Tomcat]
2022-07-21 13:18:50,638 INFO [restartedMain] o.a.c.c.StandardEngine [DirectJDKLog.java:173] Starting Servlet engine: [Apache Tomcat/9.0.64]
2022-07-21 13:18:50,656 INFO [restartedMain] o.a.c.c.C.[.[.[/community] [DirectJDKLog.java:173] Initializing Spring embedded WebApplicationContext
2022-07-21 13:18:50,656 INFO [restartedMain] o.s.b.w.s.c.ServletWebServerApplicationContext [ServletWebServerApplicationContext.java:292] Root WebApplicationContext: initialization completed in 193 ms
2022-07-21 13:18:50,748 INFO [restartedMain] o.s.b.a.w.s.WelcomePageHandlerMapping [WelcomePageHandlerMapping.java:57] Adding welcome page template: index
2022-07-21 13:18:50,791 INFO [restartedMain] o.s.b.d.a.OptionalLiveReloadServer [OptionalLiveReloadServer.java:58] LiveReload server is running on port 35729
2022-07-21 13:18:50,797 INFO [restartedMain] o.a.c.h.Http11NioProtocol [DirectJDKLog.java:173] Starting ProtocolHandler ["http-nio-8080"]
2022-07-21 13:18:50,801 INFO [restartedMain] o.s.b.w.e.t.TomcatWebServer [TomcatWebServer.java:220] Tomcat started on port(s): 8080 (http) with context path '/community'
2022-07-21 13:18:50,804 INFO [restartedMain] c.n.c.CommunityApplication [StartupInfoLogger.java:61] Started CommunityApplication in 0.376 seconds (JVM running for 2530.46)
2022-07-21 13:18:50,805 INFO [restartedMain] o.s.b.d.a.ConditionEvaluationDeltaLoggingListener [ConditionEvaluationDeltaLoggingListener.java:63] Condition evaluation unchanged
2022-07-21 13:18:52,297 INFO [restartedMain] c.n.c.CommunityApplication [StartupInfoLogger.java:55] Starting CommunityApplication using Java 17.0.2 on LAPTOP-IR1SK0IG with PID 5032 (D:\data\javaProjects\nowcoderCommunity\community\target\classes started by 贾雨琦 in D:\data\javaProjects\nowcoderCommunity\community)
2022-07-21 13:18:52,297 INFO [restartedMain] c.n.c.CommunityApplication [SpringApplication.java:634] No active profile set, falling back to 1 default profile: "default"
2022-07-21 13:18:52,472 INFO [restartedMain] o.s.b.w.e.t.TomcatWebServer [TomcatWebServer.java:108] Tomcat initialized with port(s): 8080 (http)
2022-07-21 13:18:52,473 INFO [restartedMain] o.a.c.h.Http11NioProtocol [DirectJDKLog.java:173] Initializing ProtocolHandler ["http-nio-8080"]
2022-07-21 13:18:52,473 INFO [restartedMain] o.a.c.c.StandardService [DirectJDKLog.java:173] Starting service [Tomcat]
2022-07-21 13:18:52,473 INFO [restartedMain] o.a.c.c.StandardEngine [DirectJDKLog.java:173] Starting Servlet engine: [Apache Tomcat/9.0.64]
2022-07-21 13:18:52,488 INFO [restartedMain] o.a.c.c.C.[.[.[/community] [DirectJDKLog.java:173] Initializing Spring embedded WebApplicationContext
2022-07-21 13:18:52,489 INFO [restartedMain] o.s.b.w.s.c.ServletWebServerApplicationContext [ServletWebServerApplicationContext.java:292] Root WebApplicationContext: initialization completed in 190 ms
2022-07-21 13:18:52,563 INFO [restartedMain] o.s.b.a.w.s.WelcomePageHandlerMapping [WelcomePageHandlerMapping.java:57] Adding welcome page template: index
2022-07-21 13:18:52,591 INFO [restartedMain] o.s.b.d.a.OptionalLiveReloadServer [OptionalLiveReloadServer.java:58] LiveReload server is running on port 35729
2022-07-21 13:18:52,596 INFO [restartedMain] o.a.c.h.Http11NioProtocol [DirectJDKLog.java:173] Starting ProtocolHandler ["http-nio-8080"]
2022-07-21 13:18:52,599 INFO [restartedMain] o.s.b.w.e.t.TomcatWebServer [TomcatWebServer.java:220] Tomcat started on port(s): 8080 (http) with context path '/community'
2022-07-21 13:18:52,602 INFO [restartedMain] c.n.c.CommunityApplication [StartupInfoLogger.java:61] Started CommunityApplication in 0.329 seconds (JVM running for 2532.258)
2022-07-21 13:18:52,603 INFO [restartedMain] o.s.b.d.a.ConditionEvaluationDeltaLoggingListener [ConditionEvaluationDeltaLoggingListener.java:63] Condition evaluation unchanged
2022-07-21 13:18:59,145 INFO [http-nio-8080-exec-1] o.a.c.c.C.[.[.[/community] [DirectJDKLog.java:173] Initializing Spring DispatcherServlet 'dispatcherServlet'
2022-07-21 13:18:59,145 INFO [http-nio-8080-exec-1] o.s.w.s.DispatcherServlet [FrameworkServlet.java:525] Initializing Servlet 'dispatcherServlet'
2022-07-21 13:18:59,145 INFO [http-nio-8080-exec-1] o.s.w.s.DispatcherServlet [FrameworkServlet.java:547] Completed initialization in 0 ms
2022-07-21 14:05:12,291 INFO [restartedMain] c.n.c.CommunityApplication [StartupInfoLogger.java:55] Starting CommunityApplication using Java 17.0.2 on LAPTOP-IR1SK0IG with PID 5032 (D:\data\javaProjects\nowcoderCommunity\community\target\classes started by 贾雨琦 in D:\data\javaProjects\nowcoderCommunity\community)
2022-07-21 14:05:12,291 INFO [restartedMain] c.n.c.CommunityApplication [SpringApplication.java:634] No active profile set, falling back to 1 default profile: "default"
2022-07-21 14:05:12,558 INFO [restartedMain] o.s.b.w.e.t.TomcatWebServer [TomcatWebServer.java:108] Tomcat initialized with port(s): 8080 (http)
2022-07-21 14:05:12,558 INFO [restartedMain] o.a.c.h.Http11NioProtocol [DirectJDKLog.java:173] Initializing ProtocolHandler ["http-nio-8080"]
2022-07-21 14:05:12,559 INFO [restartedMain] o.a.c.c.StandardService [DirectJDKLog.java:173] Starting service [Tomcat]
2022-07-21 14:05:12,559 INFO [restartedMain] o.a.c.c.StandardEngine [DirectJDKLog.java:173] Starting Servlet engine: [Apache Tomcat/9.0.64]
2022-07-21 14:05:12,587 INFO [restartedMain] o.a.c.c.C.[.[.[/community] [DirectJDKLog.java:173] Initializing Spring embedded WebApplicationContext
2022-07-21 14:05:12,587 INFO [restartedMain] o.s.b.w.s.c.ServletWebServerApplicationContext [ServletWebServerApplicationContext.java:292] Root WebApplicationContext: initialization completed in 293 ms
2022-07-21 14:05:12,732 INFO [restartedMain] o.s.b.a.w.s.WelcomePageHandlerMapping [WelcomePageHandlerMapping.java:57] Adding welcome page template: index
2022-07-21 14:05:12,742 INFO [restartedMain] o.a.c.c.StandardService [DirectJDKLog.java:173] Stopping service [Tomcat]
2022-07-21 14:05:12,747 INFO [restartedMain] o.s.b.a.l.ConditionEvaluationReportLoggingListener [ConditionEvaluationReportLoggingListener.java:136] 

Error starting ApplicationContext. To display the conditions report re-run your application with 'debug' enabled.
2022-07-21 14:05:14,212 INFO [restartedMain] c.n.c.CommunityApplication [StartupInfoLogger.java:55] Starting CommunityApplication using Java 17.0.2 on LAPTOP-IR1SK0IG with PID 5032 (D:\data\javaProjects\nowcoderCommunity\community\target\classes started by 贾雨琦 in D:\data\javaProjects\nowcoderCommunity\community)
2022-07-21 14:05:14,212 INFO [restartedMain] c.n.c.CommunityApplication [SpringApplication.java:634] No active profile set, falling back to 1 default profile: "default"
2022-07-21 14:05:14,370 INFO [restartedMain] o.s.b.w.e.t.TomcatWebServer [TomcatWebServer.java:108] Tomcat initialized with port(s): 8080 (http)
2022-07-21 14:05:14,370 INFO [restartedMain] o.a.c.h.Http11NioProtocol [DirectJDKLog.java:173] Initializing ProtocolHandler ["http-nio-8080"]
2022-07-21 14:05:14,370 INFO [restartedMain] o.a.c.c.StandardService [DirectJDKLog.java:173] Starting service [Tomcat]
2022-07-21 14:05:14,370 INFO [restartedMain] o.a.c.c.StandardEngine [DirectJDKLog.java:173] Starting Servlet engine: [Apache Tomcat/9.0.64]
2022-07-21 14:05:14,386 INFO [restartedMain] o.a.c.c.C.[.[.[/community] [DirectJDKLog.java:173] Initializing Spring embedded WebApplicationContext
2022-07-21 14:05:14,387 INFO [restartedMain] o.s.b.w.s.c.ServletWebServerApplicationContext [ServletWebServerApplicationContext.java:292] Root WebApplicationContext: initialization completed in 174 ms
2022-07-21 14:05:14,459 INFO [restartedMain] o.s.b.a.w.s.WelcomePageHandlerMapping [WelcomePageHandlerMapping.java:57] Adding welcome page template: index
2022-07-21 14:05:14,463 INFO [restartedMain] o.a.c.c.StandardService [DirectJDKLog.java:173] Stopping service [Tomcat]
2022-07-21 14:05:14,467 INFO [restartedMain] o.s.b.a.l.ConditionEvaluationReportLoggingListener [ConditionEvaluationReportLoggingListener.java:136] 

Error starting ApplicationContext. To display the conditions report re-run your application with 'debug' enabled.
2022-07-21 14:05:52,969 INFO [restartedMain] c.n.c.CommunityApplication [StartupInfoLogger.java:55] Starting CommunityApplication using Java 17.0.2 on LAPTOP-IR1SK0IG with PID 5032 (D:\data\javaProjects\nowcoderCommunity\community\target\classes started by 贾雨琦 in D:\data\javaProjects\nowcoderCommunity\community)
2022-07-21 14:05:52,970 INFO [restartedMain] c.n.c.CommunityApplication [SpringApplication.java:634] No active profile set, falling back to 1 default profile: "default"
2022-07-21 14:05:53,149 INFO [restartedMain] o.s.b.w.e.t.TomcatWebServer [TomcatWebServer.java:108] Tomcat initialized with port(s): 8080 (http)
2022-07-21 14:05:53,150 INFO [restartedMain] o.a.c.h.Http11NioProtocol [DirectJDKLog.java:173] Initializing ProtocolHandler ["http-nio-8080"]
2022-07-21 14:05:53,150 INFO [restartedMain] o.a.c.c.StandardService [DirectJDKLog.java:173] Starting service [Tomcat]
2022-07-21 14:05:53,150 INFO [restartedMain] o.a.c.c.StandardEngine [DirectJDKLog.java:173] Starting Servlet engine: [Apache Tomcat/9.0.64]
2022-07-21 14:05:53,168 INFO [restartedMain] o.a.c.c.C.[.[.[/community] [DirectJDKLog.java:173] Initializing Spring embedded WebApplicationContext
2022-07-21 14:05:53,168 INFO [restartedMain] o.s.b.w.s.c.ServletWebServerApplicationContext [ServletWebServerApplicationContext.java:292] Root WebApplicationContext: initialization completed in 196 ms
2022-07-21 14:05:53,250 INFO [restartedMain] o.s.b.a.w.s.WelcomePageHandlerMapping [WelcomePageHandlerMapping.java:57] Adding welcome page template: index
2022-07-21 14:05:53,291 INFO [restartedMain] o.s.b.d.a.OptionalLiveReloadServer [OptionalLiveReloadServer.java:58] LiveReload server is running on port 35729
2022-07-21 14:05:53,298 INFO [restartedMain] o.a.c.h.Http11NioProtocol [DirectJDKLog.java:173] Starting ProtocolHandler ["http-nio-8080"]
2022-07-21 14:05:53,303 INFO [restartedMain] o.s.b.w.e.t.TomcatWebServer [TomcatWebServer.java:220] Tomcat started on port(s): 8080 (http) with context path '/community'
2022-07-21 14:05:53,307 INFO [restartedMain] c.n.c.CommunityApplication [StartupInfoLogger.java:61] Started CommunityApplication in 0.362 seconds (JVM running for 5352.963)
2022-07-21 14:05:53,308 INFO [restartedMain] o.s.b.d.a.ConditionEvaluationDeltaLoggingListener [ConditionEvaluationDeltaLoggingListener.java:63] Condition evaluation unchanged
2022-07-21 14:05:53,347 INFO [http-nio-8080-exec-1] o.a.c.c.C.[.[.[/community] [DirectJDKLog.java:173] Initializing Spring DispatcherServlet 'dispatcherServlet'
2022-07-21 14:05:53,348 INFO [http-nio-8080-exec-1] o.s.w.s.DispatcherServlet [FrameworkServlet.java:525] Initializing Servlet 'dispatcherServlet'
2022-07-21 14:05:53,349 INFO [http-nio-8080-exec-1] o.s.w.s.DispatcherServlet [FrameworkServlet.java:547] Completed initialization in 1 ms
2022-07-21 14:05:54,795 INFO [restartedMain] c.n.c.CommunityApplication [StartupInfoLogger.java:55] Starting CommunityApplication using Java 17.0.2 on LAPTOP-IR1SK0IG with PID 5032 (D:\data\javaProjects\nowcoderCommunity\community\target\classes started by 贾雨琦 in D:\data\javaProjects\nowcoderCommunity\community)
2022-07-21 14:05:54,795 INFO [restartedMain] c.n.c.CommunityApplication [SpringApplication.java:634] No active profile set, falling back to 1 default profile: "default"
2022-07-21 14:05:54,943 INFO [restartedMain] o.s.b.w.e.t.TomcatWebServer [TomcatWebServer.java:108] Tomcat initialized with port(s): 8080 (http)
2022-07-21 14:05:54,943 INFO [restartedMain] o.a.c.h.Http11NioProtocol [DirectJDKLog.java:173] Initializing ProtocolHandler ["http-nio-8080"]
2022-07-21 14:05:54,943 INFO [restartedMain] o.a.c.c.StandardService [DirectJDKLog.java:173] Starting service [Tomcat]
2022-07-21 14:05:54,943 INFO [restartedMain] o.a.c.c.StandardEngine [DirectJDKLog.java:173] Starting Servlet engine: [Apache Tomcat/9.0.64]
2022-07-21 14:05:54,964 INFO [restartedMain] o.a.c.c.C.[.[.[/community] [DirectJDKLog.java:173] Initializing Spring embedded WebApplicationContext
2022-07-21 14:05:54,964 INFO [restartedMain] o.s.b.w.s.c.ServletWebServerApplicationContext [ServletWebServerApplicationContext.java:292] Root WebApplicationContext: initialization completed in 168 ms
2022-07-21 14:05:55,033 INFO [restartedMain] o.s.b.a.w.s.WelcomePageHandlerMapping [WelcomePageHandlerMapping.java:57] Adding welcome page template: index
2022-07-21 14:05:55,058 INFO [restartedMain] o.s.b.d.a.OptionalLiveReloadServer [OptionalLiveReloadServer.java:58] LiveReload server is running on port 35729
2022-07-21 14:05:55,063 INFO [restartedMain] o.a.c.h.Http11NioProtocol [DirectJDKLog.java:173] Starting ProtocolHandler ["http-nio-8080"]
2022-07-21 14:05:55,067 INFO [restartedMain] o.s.b.w.e.t.TomcatWebServer [TomcatWebServer.java:220] Tomcat started on port(s): 8080 (http) with context path '/community'
2022-07-21 14:05:55,069 INFO [restartedMain] c.n.c.CommunityApplication [StartupInfoLogger.java:61] Started CommunityApplication in 0.295 seconds (JVM running for 5354.726)
2022-07-21 14:05:55,070 INFO [restartedMain] o.s.b.d.a.ConditionEvaluationDeltaLoggingListener [ConditionEvaluationDeltaLoggingListener.java:63] Condition evaluation unchanged
2022-07-21 14:06:01,715 INFO [http-nio-8080-exec-1] o.a.c.c.C.[.[.[/community] [DirectJDKLog.java:173] Initializing Spring DispatcherServlet 'dispatcherServlet'
2022-07-21 14:06:01,716 INFO [http-nio-8080-exec-1] o.s.w.s.DispatcherServlet [FrameworkServlet.java:525] Initializing Servlet 'dispatcherServlet'
2022-07-21 14:06:01,716 INFO [http-nio-8080-exec-1] o.s.w.s.DispatcherServlet [FrameworkServlet.java:547] Completed initialization in 0 ms
2022-07-21 15:30:36,942 INFO [restartedMain] c.n.c.CommunityApplication [StartupInfoLogger.java:55] Starting CommunityApplication using Java 17.0.2 on LAPTOP-IR1SK0IG with PID 40824 (D:\data\javaProjects\nowcoderCommunity\community\target\classes started by 贾雨琦 in D:\data\javaProjects\nowcoderCommunity\community)
2022-07-21 15:30:36,943 INFO [restartedMain] c.n.c.CommunityApplication [SpringApplication.java:634] No active profile set, falling back to 1 default profile: "default"
2022-07-21 15:30:36,972 INFO [restartedMain] o.s.b.d.e.DevToolsPropertyDefaultsPostProcessor [DeferredLog.java:255] Devtools property defaults active! Set 'spring.devtools.add-properties' to 'false' to disable
2022-07-21 15:30:36,973 INFO [restartedMain] o.s.b.d.e.DevToolsPropertyDefaultsPostProcessor [DeferredLog.java:255] For additional web related logging consider setting the 'logging.level.web' property to 'DEBUG'
2022-07-21 15:30:37,731 INFO [restartedMain] o.s.b.w.e.t.TomcatWebServer [TomcatWebServer.java:108] Tomcat initialized with port(s): 8080 (http)
2022-07-21 15:30:37,742 INFO [restartedMain] o.a.c.h.Http11NioProtocol [DirectJDKLog.java:173] Initializing ProtocolHandler ["http-nio-8080"]
2022-07-21 15:30:37,742 INFO [restartedMain] o.a.c.c.StandardService [DirectJDKLog.java:173] Starting service [Tomcat]
2022-07-21 15:30:37,742 INFO [restartedMain] o.a.c.c.StandardEngine [DirectJDKLog.java:173] Starting Servlet engine: [Apache Tomcat/9.0.64]
2022-07-21 15:30:37,797 INFO [restartedMain] o.a.c.c.C.[.[.[/community] [DirectJDKLog.java:173] Initializing Spring embedded WebApplicationContext
2022-07-21 15:30:37,798 INFO [restartedMain] o.s.b.w.s.c.ServletWebServerApplicationContext [ServletWebServerApplicationContext.java:292] Root WebApplicationContext: initialization completed in 825 ms
2022-07-21 15:30:38,112 INFO [restartedMain] o.s.b.a.w.s.WelcomePageHandlerMapping [WelcomePageHandlerMapping.java:57] Adding welcome page template: index
2022-07-21 15:30:38,228 INFO [restartedMain] o.s.b.d.a.OptionalLiveReloadServer [OptionalLiveReloadServer.java:58] LiveReload server is running on port 35729
2022-07-21 15:30:38,240 INFO [restartedMain] o.a.c.h.Http11NioProtocol [DirectJDKLog.java:173] Starting ProtocolHandler ["http-nio-8080"]
2022-07-21 15:30:38,256 INFO [restartedMain] o.s.b.w.e.t.TomcatWebServer [TomcatWebServer.java:220] Tomcat started on port(s): 8080 (http) with context path '/community'
2022-07-21 15:30:38,264 INFO [restartedMain] c.n.c.CommunityApplication [StartupInfoLogger.java:61] Started CommunityApplication in 1.597 seconds (JVM running for 2.292)
2022-07-21 15:31:39,101 INFO [http-nio-8080-exec-1] o.a.c.c.C.[.[.[/community] [DirectJDKLog.java:173] Initializing Spring DispatcherServlet 'dispatcherServlet'
2022-07-21 15:31:39,101 INFO [http-nio-8080-exec-1] o.s.w.s.DispatcherServlet [FrameworkServlet.java:525] Initializing Servlet 'dispatcherServlet'
2022-07-21 15:31:39,102 INFO [http-nio-8080-exec-1] o.s.w.s.DispatcherServlet [FrameworkServlet.java:547] Completed initialization in 1 ms
