2022-07-19 15:56:49,650 INFO [main] c.n.c.MailTests [StartupInfoLogger.java:55] Starting MailTests using Java 17.0.2 on LAPTOP-IR1SK0IG with PID 7500 (started by 贾雨琦 in D:\data\javaProjects\nowcoderCommunity\community)
2022-07-19 15:56:49,659 INFO [main] c.n.c.MailTests [SpringApplication.java:634] No active profile set, falling back to 1 default profile: "default"
2022-07-19 15:56:51,431 INFO [main] o.s.b.a.w.s.WelcomePageHandlerMapping [WelcomePageHandlerMapping.java:57] Adding welcome page template: index
2022-07-19 15:56:51,889 INFO [main] c.n.c.MailTests [StartupInfoLogger.java:61] Started MailTests in 2.58 seconds (JVM running for 3.429)
2022-07-19 16:03:06,467 INFO [main] c.n.c.MailTests [StartupInfoLogger.java:55] Starting MailTests using Java 17.0.2 on LAPTOP-IR1SK0IG with PID 22416 (started by 贾雨琦 in D:\data\javaProjects\nowcoderCommunity\community)
2022-07-19 16:03:06,473 INFO [main] c.n.c.MailTests [SpringApplication.java:634] No active profile set, falling back to 1 default profile: "default"
2022-07-19 16:03:07,950 INFO [main] o.s.b.a.w.s.WelcomePageHandlerMapping [WelcomePageHandlerMapping.java:57] Adding welcome page template: index
2022-07-19 16:03:08,321 INFO [main] c.n.c.MailTests [StartupInfoLogger.java:61] Started MailTests in 2.185 seconds (JVM running for 2.952)
2022-07-19 16:14:49,566 INFO [main] c.n.c.MailTests [StartupInfoLogger.java:55] Starting MailTests using Java 17.0.2 on LAPTOP-IR1SK0IG with PID 25656 (started by 贾雨琦 in D:\data\javaProjects\nowcoderCommunity\community)
2022-07-19 16:14:49,569 INFO [main] c.n.c.MailTests [SpringApplication.java:634] No active profile set, falling back to 1 default profile: "default"
2022-07-19 16:14:51,081 INFO [main] o.s.b.a.w.s.WelcomePageHandlerMapping [WelcomePageHandlerMapping.java:57] Adding welcome page template: index
2022-07-19 16:14:51,433 INFO [main] c.n.c.MailTests [StartupInfoLogger.java:61] Started MailTests in 2.231 seconds (JVM running for 2.965)
2022-07-19 16:15:27,584 INFO [main] c.n.c.MailTests [StartupInfoLogger.java:55] Starting MailTests using Java 17.0.2 on LAPTOP-IR1SK0IG with PID 15236 (started by 贾雨琦 in D:\data\javaProjects\nowcoderCommunity\community)
2022-07-19 16:15:27,587 INFO [main] c.n.c.MailTests [SpringApplication.java:634] No active profile set, falling back to 1 default profile: "default"
2022-07-19 16:15:29,205 INFO [main] o.s.b.a.w.s.WelcomePageHandlerMapping [WelcomePageHandlerMapping.java:57] Adding welcome page template: index
2022-07-19 16:15:29,609 INFO [main] c.n.c.MailTests [StartupInfoLogger.java:61] Started MailTests in 2.342 seconds (JVM running for 3.123)
2022-07-19 17:18:16,356 INFO [restartedMain] c.n.c.CommunityApplication [StartupInfoLogger.java:55] Starting CommunityApplication using Java 17.0.2 on LAPTOP-IR1SK0IG with PID 672 (D:\data\javaProjects\nowcoderCommunity\community\target\classes started by 贾雨琦 in D:\data\javaProjects\nowcoderCommunity\community)
2022-07-19 17:18:16,358 INFO [restartedMain] c.n.c.CommunityApplication [SpringApplication.java:634] No active profile set, falling back to 1 default profile: "default"
2022-07-19 17:18:16,389 INFO [restartedMain] o.s.b.d.e.DevToolsPropertyDefaultsPostProcessor [DeferredLog.java:255] Devtools property defaults active! Set 'spring.devtools.add-properties' to 'false' to disable
2022-07-19 17:18:16,389 INFO [restartedMain] o.s.b.d.e.DevToolsPropertyDefaultsPostProcessor [DeferredLog.java:255] For additional web related logging consider setting the 'logging.level.web' property to 'DEBUG'
2022-07-19 17:18:17,149 INFO [restartedMain] o.s.b.w.e.t.TomcatWebServer [TomcatWebServer.java:108] Tomcat initialized with port(s): 8080 (http)
2022-07-19 17:18:17,156 INFO [restartedMain] o.a.c.h.Http11NioProtocol [DirectJDKLog.java:173] Initializing ProtocolHandler ["http-nio-8080"]
2022-07-19 17:18:17,156 INFO [restartedMain] o.a.c.c.StandardService [DirectJDKLog.java:173] Starting service [Tomcat]
2022-07-19 17:18:17,157 INFO [restartedMain] o.a.c.c.StandardEngine [DirectJDKLog.java:173] Starting Servlet engine: [Apache Tomcat/9.0.64]
2022-07-19 17:18:17,218 INFO [restartedMain] o.a.c.c.C.[.[.[/community] [DirectJDKLog.java:173] Initializing Spring embedded WebApplicationContext
2022-07-19 17:18:17,218 INFO [restartedMain] o.s.b.w.s.c.ServletWebServerApplicationContext [ServletWebServerApplicationContext.java:292] Root WebApplicationContext: initialization completed in 829 ms
2022-07-19 17:18:17,560 INFO [restartedMain] o.s.b.a.w.s.WelcomePageHandlerMapping [WelcomePageHandlerMapping.java:57] Adding welcome page template: index
2022-07-19 17:18:17,696 INFO [restartedMain] o.s.b.d.a.OptionalLiveReloadServer [OptionalLiveReloadServer.java:58] LiveReload server is running on port 35729
2022-07-19 17:18:17,709 INFO [restartedMain] o.a.c.h.Http11NioProtocol [DirectJDKLog.java:173] Starting ProtocolHandler ["http-nio-8080"]
2022-07-19 17:18:17,724 INFO [restartedMain] o.s.b.w.e.t.TomcatWebServer [TomcatWebServer.java:220] Tomcat started on port(s): 8080 (http) with context path '/community'
2022-07-19 17:18:17,733 INFO [restartedMain] c.n.c.CommunityApplication [StartupInfoLogger.java:61] Started CommunityApplication in 1.663 seconds (JVM running for 2.999)
2022-07-19 17:19:02,235 INFO [http-nio-8080-exec-1] o.a.c.c.C.[.[.[/community] [DirectJDKLog.java:173] Initializing Spring DispatcherServlet 'dispatcherServlet'
2022-07-19 17:19:02,236 INFO [http-nio-8080-exec-1] o.s.w.s.DispatcherServlet [FrameworkServlet.java:525] Initializing Servlet 'dispatcherServlet'
2022-07-19 17:19:02,236 INFO [http-nio-8080-exec-1] o.s.w.s.DispatcherServlet [FrameworkServlet.java:547] Completed initialization in 0 ms
2022-07-19 17:20:07,060 INFO [http-nio-8080-exec-1] c.z.h.HikariDataSource [HikariDataSource.java:110] HikariPool-1 - Starting...
2022-07-19 17:20:07,188 INFO [http-nio-8080-exec-1] c.z.h.HikariDataSource [HikariDataSource.java:123] HikariPool-1 - Start completed.
2022-07-19 19:31:20,604 INFO [SpringApplicationShutdownHook] c.z.h.HikariDataSource [HikariDataSource.java:350] HikariPool-1 - Shutdown initiated...
2022-07-19 19:31:20,610 INFO [SpringApplicationShutdownHook] c.z.h.HikariDataSource [HikariDataSource.java:352] HikariPool-1 - Shutdown completed.
